#
# There is insufficient memory for the Java Runtime Environment to continue.
# Native memory allocation (malloc) failed to allocate 1048576 bytes for AllocateHeap
# Possible reasons:
#   The system is out of physical RAM or swap space
#   In 32 bit mode, the process size limit was hit
# Possible solutions:
#   Reduce memory load on the system
#   Increase physical memory or swap space
#   Check if swap backing store is full
#   Use 64 bit Java on a 64 bit OS
#   Decrease Java heap size (-Xmx/-Xms)
#   Decrease number of Java threads
#   Decrease Java thread stack sizes (-Xss)
#   Set larger code cache with -XX:ReservedCodeCacheSize=
# This output file may be truncated or incomplete.
#
#  Out of Memory Error (memory/allocation.inline.hpp:61), pid=9680, tid=0x000000000000262c
#
# JRE version:  (8.0_112-b06) (build )
# Java VM: OpenJDK 64-Bit Server VM (25.112-b06 mixed mode windows-amd64 compressed oops)
# Failed to write core dump. Minidumps are not enabled by default on client versions of Windows
#

---------------  T H R E A D  ---------------

Current thread (0x00000000023b0800):  JavaThread "Unknown thread" [_thread_in_vm, id=9772, stack(0x00000000022b0000,0x00000000023b0000)]

Stack: [0x00000000022b0000,0x00000000023b0000]
[error occurred during error reporting (printing stack bounds), id 0xc0000005]

Native frames: (J=compiled Java code, j=interpreted, Vv=VM code, C=native code)


---------------  P R O C E S S  ---------------

Java Threads: ( => current thread )

Other Threads:

=>0x00000000023b0800 (exited) JavaThread "Unknown thread" [_thread_in_vm, id=9772, stack(0x00000000022b0000,0x00000000023b0000)]

VM state:not at safepoint (normal execution)

VM Mutex/Monitor currently owned by a thread: None

Heap:
 PSYoungGen      total 76288K, used 1310K [0x00000000eab00000, 0x00000000f0000000, 0x0000000100000000)
  eden space 65536K, 2% used [0x00000000eab00000,0x00000000eac47af0,0x00000000eeb00000)
  from space 10752K, 0% used [0x00000000ef580000,0x00000000ef580000,0x00000000f0000000)
  to   space 10752K, 0% used [0x00000000eeb00000,0x00000000eeb00000,0x00000000ef580000)
 ParOldGen       total 175104K, used 0K [0x00000000c0000000, 0x00000000cab00000, 0x00000000eab00000)
  object space 175104K, 0% used [0x00000000c0000000,0x00000000c0000000,0x00000000cab00000)
 Metaspace       used 772K, capacity 4480K, committed 4480K, reserved 1056768K
  class space    used 73K, capacity 384K, committed 384K, reserved 1048576K

Card table byte_map: [0x0000000011870000,0x0000000011a80000] byte_map_base: 0x0000000011270000

Marking Bits: (ParMarkBitMap*) 0x000000005bca18f0
 Begin Bits: [0x0000000011fe0000, 0x0000000012fe0000)
 End Bits:   [0x0000000012fe0000, 0x0000000013fe0000)

Polling page: 0x00000000008a0000

CodeCache: size=245760Kb used=328Kb max_used=328Kb free=245431Kb
 bounds [0x00000000024b0000, 0x0000000002720000, 0x00000000114b0000]
 total_blobs=57 nmethods=0 adapters=38
 compilation: enabled

Compilation events (0 events):
No events

GC Heap History (0 events):
No events

Deoptimization events (0 events):
No events

Internal exceptions (0 events):
No events

Events (10 events):
Event: 0.032 loading class java/lang/Short
Event: 0.033 loading class java/lang/Short done
Event: 0.033 loading class java/lang/Integer
Event: 0.033 loading class java/lang/Integer done
Event: 0.033 loading class java/lang/Long
Event: 0.033 loading class java/lang/Long done
Event: 0.034 loading class java/lang/NullPointerException
Event: 0.034 loading class java/lang/NullPointerException done
Event: 0.034 loading class java/lang/ArithmeticException
Event: 0.034 loading class java/lang/ArithmeticException done


Dynamic libraries:
0x00007ff756870000 - 0x00007ff7568a1000 	C:\Program Files\Android\Android Studio\jre\bin\java.exe
0x00007ffa59150000 - 0x00007ffa5932b000 	C:\WINDOWS\SYSTEM32\ntdll.dll
0x00007ffa57480000 - 0x00007ffa5752e000 	C:\WINDOWS\System32\KERNEL32.DLL
0x00007ffa55670000 - 0x00007ffa558b9000 	C:\WINDOWS\System32\KERNELBASE.dll
0x00007ffa566d0000 - 0x00007ffa56771000 	C:\WINDOWS\System32\ADVAPI32.dll
0x00007ffa56a60000 - 0x00007ffa56afd000 	C:\WINDOWS\System32\msvcrt.dll
0x00007ffa568b0000 - 0x00007ffa56909000 	C:\WINDOWS\System32\sechost.dll
0x00007ffa59020000 - 0x00007ffa59145000 	C:\WINDOWS\System32\RPCRT4.dll
0x00007ffa56910000 - 0x00007ffa56a5a000 	C:\WINDOWS\System32\USER32.dll
0x00007ffa563c0000 - 0x00007ffa563de000 	C:\WINDOWS\System32\win32u.dll
0x00007ffa56c40000 - 0x00007ffa56c67000 	C:\WINDOWS\System32\GDI32.dll
0x00007ffa560e0000 - 0x00007ffa56268000 	C:\WINDOWS\System32\gdi32full.dll
0x00007ffa563e0000 - 0x00007ffa5647a000 	C:\WINDOWS\System32\msvcp_win.dll
0x00007ffa562c0000 - 0x00007ffa563b6000 	C:\WINDOWS\System32\ucrtbase.dll
0x00007ffa49700000 - 0x00007ffa49967000 	C:\WINDOWS\WinSxS\amd64_microsoft.windows.common-controls_6595b64144ccf1df_6.0.15063.483_none_26002d27e7c744a2\COMCTL32.dll
0x00007ffa58b20000 - 0x00007ffa58e19000 	C:\WINDOWS\System32\combase.dll
0x00007ffa56070000 - 0x00007ffa560da000 	C:\WINDOWS\System32\bcryptPrimitives.dll
0x00007ffa56b00000 - 0x00007ffa56b2d000 	C:\WINDOWS\System32\IMM32.DLL
0x000000005b400000 - 0x000000005b4d2000 	C:\Program Files\Android\Android Studio\jre\jre\bin\msvcr100.dll
0x000000005b4e0000 - 0x000000005bd1c000 	C:\Program Files\Android\Android Studio\jre\jre\bin\server\jvm.dll
0x00007ffa58970000 - 0x00007ffa58978000 	C:\WINDOWS\System32\PSAPI.DLL
0x00007ffa525b0000 - 0x00007ffa525b9000 	C:\WINDOWS\SYSTEM32\WSOCK32.dll
0x00007ffa56840000 - 0x00007ffa568ac000 	C:\WINDOWS\System32\WS2_32.dll
0x00007ffa4dfd0000 - 0x00007ffa4dff3000 	C:\WINDOWS\SYSTEM32\WINMM.dll
0x00007ffa4e000000 - 0x00007ffa4e00a000 	C:\WINDOWS\SYSTEM32\VERSION.dll
0x00007ffa4dfa0000 - 0x00007ffa4dfcb000 	C:\WINDOWS\SYSTEM32\WINMMBASE.dll
0x00007ffa56270000 - 0x00007ffa562b9000 	C:\WINDOWS\System32\cfgmgr32.dll
0x00007ffa523b0000 - 0x00007ffa523bf000 	C:\Program Files\Android\Android Studio\jre\jre\bin\verify.dll
0x00007ffa500c0000 - 0x00007ffa500e9000 	C:\Program Files\Android\Android Studio\jre\jre\bin\java.dll
0x00007ffa4f030000 - 0x00007ffa4f046000 	C:\Program Files\Android\Android Studio\jre\jre\bin\zip.dll

VM Arguments:
jvm_args: -Djava.awt.headless=true -Xmx1024M -Dfile.encoding=windows-1252 -Duser.country=US -Duser.language=en -Duser.variant 
java_command: com.android.dx.command.Main --dex --num-threads=4 --output C:\Users\dwarf\Documents\android_projects\ud839_Miwok-Starter-code\app\build\intermediates\pre-dexed\debug\classes_ec887c0af89b737089af9541e3a7eccf46e5f92c.jar C:\Users\dwarf\.android\build-cache\ef2df8c45d298c5de38493065000ada8b697fca0\output\jars\classes.jar
java_class_path (initial): C:\Users\dwarf\AppData\Local\Android\sdk\build-tools\25.0.0\lib\dx.jar
Launcher Type: SUN_STANDARD

Environment Variables:
PATH=C:\ProgramData\Oracle\Java\javapath;C:\Program Files\Docker\Docker\Resources\bin;C:\WINDOWS\system32;C:\WINDOWS;C:\WINDOWS\System32\Wbem;C:\WINDOWS\System32\WindowsPowerShell\v1.0\;C:\Program Files\Git\cmd;C:\Program Files\Git\mingw64\bin;C:\Program Files\Git\usr\bin;C:\Program Files (x86)\Skype\Phone\;C:\Program Files\nodejs\;C:\Program Files (x86)\Java\jre1.8.0_144\bin;C:\Users\dwarf\AppData\Local\Android\sdk\platform-tools;C:\Users\dwarf\AppData\Local\Microsoft\WindowsApps;C:\Users\dwarf\AppData\Roaming\npm
USERNAME=dwarf
OS=Windows_NT
PROCESSOR_IDENTIFIER=Intel64 Family 6 Model 61 Stepping 4, GenuineIntel



---------------  S Y S T E M  ---------------

OS: Windows 10.0 , 64 bit Build 15063 (10.0.15063.296)

CPU:total 4 (2 cores per cpu, 2 threads per core) family 6 model 61 stepping 4, cmov, cx8, fxsr, mmx, sse, sse2, sse3, ssse3, sse4.1, sse4.2, popcnt, avx, avx2, aes, clmul, erms, 3dnowpref, lzcnt, ht, tsc, tscinvbit, bmi1, bmi2, adx

Memory: 4k page, physical 16689624k(9502100k free), swap 20785624k(102460k free)

vm_info: OpenJDK 64-Bit Server VM (25.112-b06) for windows-amd64 JRE (1.8.0_112-release-b06), built on Dec  8 2016 00:54:26 by "builder" with MS VC++ 10.0 (VS2010)

time: Sun Sep 17 14:12:48 2017
elapsed time: 0 seconds (0d 0h 0m 0s)

