#
# There is insufficient memory for the Java Runtime Environment to continue.
# Native memory allocation (malloc) failed to allocate 1545616 bytes for Chunk::new
# Possible reasons:
#   The system is out of physical RAM or swap space
#   In 32 bit mode, the process size limit was hit
# Possible solutions:
#   Reduce memory load on the system
#   Increase physical memory or swap space
#   Check if swap backing store is full
#   Use 64 bit Java on a 64 bit OS
#   Decrease Java heap size (-Xmx/-Xms)
#   Decrease number of Java threads
#   Decrease Java thread stack sizes (-Xss)
#   Set larger code cache with -XX:ReservedCodeCacheSize=
# This output file may be truncated or incomplete.
#
#  Out of Memory Error (allocation.cpp:390), pid=6952, tid=0x0000000000000f60
#
# JRE version: OpenJDK Runtime Environment (8.0_112-b06) (build 1.8.0_112-release-b06)
# Java VM: OpenJDK 64-Bit Server VM (25.112-b06 mixed mode windows-amd64 compressed oops)
# Failed to write core dump. Minidumps are not enabled by default on client versions of Windows
#

---------------  T H R E A D  ---------------

Current thread (0x000000001638a000):  JavaThread "C2 CompilerThread0" daemon [_thread_in_native, id=3936, stack(0x00000000179d0000,0x0000000017ad0000)]

Stack: [0x00000000179d0000,0x0000000017ad0000]
[error occurred during error reporting (printing stack bounds), id 0xc0000005]

Native frames: (J=compiled Java code, j=interpreted, Vv=VM code, C=native code)


Current CompileTask:
C2:  16684 5957   !   4       java.net.URLClassLoader$1::run (63 bytes)


---------------  P R O C E S S  ---------------

Java Threads: ( => current thread )
  0x00000000197fd000 JavaThread "pool-2-thread-1" [_thread_blocked, id=9776, stack(0x000000001c000000,0x000000001c100000)]
  0x000000001a534000 JavaThread "File lock request listener" [_thread_in_native, id=10028, stack(0x000000001bd00000,0x000000001be00000)]
  0x0000000019237000 JavaThread "Stdin handler" [_thread_blocked, id=10392, stack(0x000000001ba00000,0x000000001bb00000)]
  0x000000001923c800 JavaThread "Asynchronous log dispatcher for DefaultDaemonConnection: socket connection from /127.0.0.1:61308 to /127.0.0.1:61309" [_thread_blocked, id=6880, stack(0x000000001b900000,0x000000001ba00000)]
  0x0000000019226800 JavaThread "Daemon worker" [_thread_in_vm, id=6600, stack(0x000000001b800000,0x000000001b900000)]
  0x0000000019a79800 JavaThread "Cancel handler" [_thread_blocked, id=10880, stack(0x000000001b700000,0x000000001b800000)]
  0x0000000019a81000 JavaThread "pool-1-thread-1" [_thread_blocked, id=7580, stack(0x000000001b600000,0x000000001b700000)]
  0x000000001905e800 JavaThread "Handler for socket connection from /127.0.0.1:61308 to /127.0.0.1:61309" [_thread_in_native, id=5604, stack(0x000000001b500000,0x000000001b600000)]
  0x0000000018f62800 JavaThread "Daemon" [_thread_blocked, id=1308, stack(0x000000001b400000,0x000000001b500000)]
  0x0000000018f1b000 JavaThread "Incoming local TCP Connector on port 61308" [_thread_in_native, id=10756, stack(0x0000000019aa0000,0x0000000019ba0000)]
  0x00000000163eb800 JavaThread "Service Thread" daemon [_thread_blocked, id=7372, stack(0x00000000180d0000,0x00000000181d0000)]
  0x0000000016393000 JavaThread "C1 CompilerThread2" daemon [_thread_blocked, id=9268, stack(0x0000000017bd0000,0x0000000017cd0000)]
  0x000000001638f800 JavaThread "C2 CompilerThread1" daemon [_thread_in_native, id=5528, stack(0x0000000017ad0000,0x0000000017bd0000)]
=>0x000000001638a000 JavaThread "C2 CompilerThread0" daemon [_thread_in_native, id=3936, stack(0x00000000179d0000,0x0000000017ad0000)]
  0x0000000016389000 JavaThread "Attach Listener" daemon [_thread_blocked, id=10484, stack(0x00000000178d0000,0x00000000179d0000)]
  0x0000000016387800 JavaThread "Signal Dispatcher" daemon [_thread_blocked, id=2576, stack(0x00000000177d0000,0x00000000178d0000)]
  0x0000000002a1b000 JavaThread "Finalizer" daemon [_thread_blocked, id=3524, stack(0x00000000175e0000,0x00000000176e0000)]
  0x0000000002a10000 JavaThread "Reference Handler" daemon [_thread_blocked, id=2284, stack(0x00000000174e0000,0x00000000175e0000)]
  0x0000000002920800 JavaThread "main" [_thread_blocked, id=1240, stack(0x0000000002760000,0x0000000002860000)]

Other Threads:
  0x0000000016355800 VMThread [stack: 0x00000000173e0000,0x00000000174e0000] [id=2188]
  0x00000000163ee000 WatcherThread [stack: 0x00000000181d0000,0x00000000182d0000] [id=7612]

VM state:not at safepoint (normal execution)

VM Mutex/Monitor currently owned by a thread: None

Heap:
 PSYoungGen      total 148480K, used 82061K [0x00000000e0000000, 0x00000000eb600000, 0x0000000100000000)
  eden space 132608K, 49% used [0x00000000e0000000,0x00000000e40aa7b0,0x00000000e8180000)
  from space 15872K, 99% used [0x00000000e9600000,0x00000000ea578c80,0x00000000ea580000)
  to   space 20992K, 0% used [0x00000000e8180000,0x00000000e8180000,0x00000000e9600000)
 ParOldGen       total 217600K, used 25389K [0x00000000a0000000, 0x00000000ad480000, 0x00000000e0000000)
  object space 217600K, 11% used [0x00000000a0000000,0x00000000a18cb7c8,0x00000000ad480000)
 Metaspace       used 50896K, capacity 52850K, committed 53120K, reserved 1095680K
  class space    used 7050K, capacity 7472K, committed 7552K, reserved 1048576K

Card table byte_map: [0x0000000011de0000,0x00000000120f0000] byte_map_base: 0x00000000118e0000

Marking Bits: (ParMarkBitMap*) 0x000000005bca18f0
 Begin Bits: [0x00000000126f0000, 0x0000000013ef0000)
 End Bits:   [0x0000000013ef0000, 0x00000000156f0000)

Polling page: 0x0000000000ee0000

CodeCache: size=245760Kb used=20130Kb max_used=20130Kb free=225629Kb
 bounds [0x0000000002a20000, 0x0000000003de0000, 0x0000000011a20000]
 total_blobs=6508 nmethods=5767 adapters=653
 compilation: enabled

Compilation events (10 events):
Event: 16.643 Thread 0x0000000016393000 6327       1       org.gradle.api.internal.file.AbstractFileResolver::getPatternSetFactory (5 bytes)
Event: 16.643 Thread 0x0000000016393000 nmethod 6327 0x0000000003dd4bd0 code [0x0000000003dd4d20, 0x0000000003dd4e30]
Event: 16.647 Thread 0x0000000016393000 6328       1       org.gradle.internal.os.OperatingSystem$Windows::isWindows (2 bytes)
Event: 16.647 Thread 0x0000000016393000 nmethod 6328 0x0000000003dd4e90 code [0x0000000003dd4fe0, 0x0000000003dd50f0]
Event: 16.652 Thread 0x0000000016393000 6330   !   2       org.gradle.api.internal.file.FileOrUriNotationConverter::convert (306 bytes)
Event: 16.655 Thread 0x0000000016393000 nmethod 6330 0x0000000003dd5150 code [0x0000000003dd5460, 0x0000000003dd6398]
Event: 16.655 Thread 0x0000000016393000 6329       2       org.gradle.util.GFileUtils::unpack (45 bytes)
Event: 16.655 Thread 0x0000000016393000 nmethod 6329 0x0000000003dd7390 code [0x0000000003dd7520, 0x0000000003dd78c8]
Event: 16.669 Thread 0x0000000016393000 6331       2       org.gradle.api.internal.file.collections.FileCollectionAdapter::<init> (10 bytes)
Event: 16.669 Thread 0x0000000016393000 nmethod 6331 0x0000000003dd7a90 code [0x0000000003dd7be0, 0x0000000003dd7d50]

GC Heap History (10 events):
Event: 9.921 GC heap before
{Heap before GC invocations=6 (full 1):
 PSYoungGen      total 92160K, used 56276K [0x00000000e0000000, 0x00000000e6580000, 0x0000000100000000)
  eden space 81408K, 60% used [0x00000000e0000000,0x00000000e2ffbcc0,0x00000000e4f80000)
  from space 10752K, 66% used [0x00000000e5a00000,0x00000000e60f96a8,0x00000000e6480000)
  to   space 10752K, 0% used [0x00000000e4f80000,0x00000000e4f80000,0x00000000e5a00000)
 ParOldGen       total 129536K, used 12712K [0x00000000a0000000, 0x00000000a7e80000, 0x00000000e0000000)
  object space 129536K, 9% used [0x00000000a0000000,0x00000000a0c6a3a0,0x00000000a7e80000)
 Metaspace       used 34513K, capacity 35290K, committed 35496K, reserved 1079296K
  class space    used 4656K, capacity 4850K, committed 4864K, reserved 1048576K
Event: 9.935 GC heap after
Heap after GC invocations=6 (full 1):
 PSYoungGen      total 92160K, used 10724K [0x00000000e0000000, 0x00000000e7f80000, 0x0000000100000000)
  eden space 81408K, 0% used [0x00000000e0000000,0x00000000e0000000,0x00000000e4f80000)
  from space 10752K, 99% used [0x00000000e4f80000,0x00000000e59f9030,0x00000000e5a00000)
  to   space 14336K, 0% used [0x00000000e7180000,0x00000000e7180000,0x00000000e7f80000)
 ParOldGen       total 129536K, used 12901K [0x00000000a0000000, 0x00000000a7e80000, 0x00000000e0000000)
  object space 129536K, 9% used [0x00000000a0000000,0x00000000a0c99770,0x00000000a7e80000)
 Metaspace       used 34513K, capacity 35290K, committed 35496K, reserved 1079296K
  class space    used 4656K, capacity 4850K, committed 4864K, reserved 1048576K
}
Event: 9.935 GC heap before
{Heap before GC invocations=7 (full 2):
 PSYoungGen      total 92160K, used 10724K [0x00000000e0000000, 0x00000000e7f80000, 0x0000000100000000)
  eden space 81408K, 0% used [0x00000000e0000000,0x00000000e0000000,0x00000000e4f80000)
  from space 10752K, 99% used [0x00000000e4f80000,0x00000000e59f9030,0x00000000e5a00000)
  to   space 14336K, 0% used [0x00000000e7180000,0x00000000e7180000,0x00000000e7f80000)
 ParOldGen       total 129536K, used 12901K [0x00000000a0000000, 0x00000000a7e80000, 0x00000000e0000000)
  object space 129536K, 9% used [0x00000000a0000000,0x00000000a0c99770,0x00000000a7e80000)
 Metaspace       used 34513K, capacity 35290K, committed 35496K, reserved 1079296K
  class space    used 4656K, capacity 4850K, committed 4864K, reserved 1048576K
Event: 10.051 GC heap after
Heap after GC invocations=7 (full 2):
 PSYoungGen      total 92160K, used 0K [0x00000000e0000000, 0x00000000e7f80000, 0x0000000100000000)
  eden space 81408K, 0% used [0x00000000e0000000,0x00000000e0000000,0x00000000e4f80000)
  from space 10752K, 0% used [0x00000000e4f80000,0x00000000e4f80000,0x00000000e5a00000)
  to   space 14336K, 0% used [0x00000000e7180000,0x00000000e7180000,0x00000000e7f80000)
 ParOldGen       total 217600K, used 17118K [0x00000000a0000000, 0x00000000ad480000, 0x00000000e0000000)
  object space 217600K, 7% used [0x00000000a0000000,0x00000000a10b7b88,0x00000000ad480000)
 Metaspace       used 34513K, capacity 35290K, committed 35496K, reserved 1079296K
  class space    used 4656K, capacity 4850K, committed 4864K, reserved 1048576K
}
Event: 11.180 GC heap before
{Heap before GC invocations=8 (full 2):
 PSYoungGen      total 92160K, used 81408K [0x00000000e0000000, 0x00000000e7f80000, 0x0000000100000000)
  eden space 81408K, 100% used [0x00000000e0000000,0x00000000e4f80000,0x00000000e4f80000)
  from space 10752K, 0% used [0x00000000e4f80000,0x00000000e4f80000,0x00000000e5a00000)
  to   space 14336K, 0% used [0x00000000e7180000,0x00000000e7180000,0x00000000e7f80000)
 ParOldGen       total 217600K, used 17118K [0x00000000a0000000, 0x00000000ad480000, 0x00000000e0000000)
  object space 217600K, 7% used [0x00000000a0000000,0x00000000a10b7b88,0x00000000ad480000)
 Metaspace       used 37889K, capacity 38764K, committed 38912K, reserved 1083392K
  class space    used 5084K, capacity 5332K, committed 5376K, reserved 1048576K
Event: 11.202 GC heap after
Heap after GC invocations=8 (full 2):
 PSYoungGen      total 116736K, used 8322K [0x00000000e0000000, 0x00000000e8400000, 0x0000000100000000)
  eden space 102400K, 0% used [0x00000000e0000000,0x00000000e0000000,0x00000000e6400000)
  from space 14336K, 58% used [0x00000000e7180000,0x00000000e79a0b08,0x00000000e7f80000)
  to   space 13824K, 0% used [0x00000000e6400000,0x00000000e6400000,0x00000000e7180000)
 ParOldGen       total 217600K, used 17126K [0x00000000a0000000, 0x00000000ad480000, 0x00000000e0000000)
  object space 217600K, 7% used [0x00000000a0000000,0x00000000a10b9b88,0x00000000ad480000)
 Metaspace       used 37889K, capacity 38764K, committed 38912K, reserved 1083392K
  class space    used 5084K, capacity 5332K, committed 5376K, reserved 1048576K
}
Event: 13.883 GC heap before
{Heap before GC invocations=9 (full 2):
 PSYoungGen      total 116736K, used 110722K [0x00000000e0000000, 0x00000000e8400000, 0x0000000100000000)
  eden space 102400K, 100% used [0x00000000e0000000,0x00000000e6400000,0x00000000e6400000)
  from space 14336K, 58% used [0x00000000e7180000,0x00000000e79a0b08,0x00000000e7f80000)
  to   space 13824K, 0% used [0x00000000e6400000,0x00000000e6400000,0x00000000e7180000)
 ParOldGen       total 217600K, used 17126K [0x00000000a0000000, 0x00000000ad480000, 0x00000000e0000000)
  object space 217600K, 7% used [0x00000000a0000000,0x00000000a10b9b88,0x00000000ad480000)
 Metaspace       used 45341K, capacity 46582K, committed 46848K, reserved 1089536K
  class space    used 6096K, capacity 6377K, committed 6400K, reserved 1048576K
Event: 13.922 GC heap after
Heap after GC invocations=9 (full 2):
 PSYoungGen      total 116224K, used 13806K [0x00000000e0000000, 0x00000000ea580000, 0x0000000100000000)
  eden space 102400K, 0% used [0x00000000e0000000,0x00000000e0000000,0x00000000e6400000)
  from space 13824K, 99% used [0x00000000e6400000,0x00000000e717ba00,0x00000000e7180000)
  to   space 15872K, 0% used [0x00000000e9600000,0x00000000e9600000,0x00000000ea580000)
 ParOldGen       total 217600K, used 17953K [0x00000000a0000000, 0x00000000ad480000, 0x00000000e0000000)
  object space 217600K, 8% used [0x00000000a0000000,0x00000000a11885a8,0x00000000ad480000)
 Metaspace       used 45341K, capacity 46582K, committed 46848K, reserved 1089536K
  class space    used 6096K, capacity 6377K, committed 6400K, reserved 1048576K
}
Event: 15.784 GC heap before
{Heap before GC invocations=10 (full 2):
 PSYoungGen      total 116224K, used 116206K [0x00000000e0000000, 0x00000000ea580000, 0x0000000100000000)
  eden space 102400K, 100% used [0x00000000e0000000,0x00000000e6400000,0x00000000e6400000)
  from space 13824K, 99% used [0x00000000e6400000,0x00000000e717ba00,0x00000000e7180000)
  to   space 15872K, 0% used [0x00000000e9600000,0x00000000e9600000,0x00000000ea580000)
 ParOldGen       total 217600K, used 17953K [0x00000000a0000000, 0x00000000ad480000, 0x00000000e0000000)
  object space 217600K, 8% used [0x00000000a0000000,0x00000000a11885a8,0x00000000ad480000)
 Metaspace       used 49951K, capacity 51588K, committed 51840K, reserved 1093632K
  class space    used 6869K, capacity 7239K, committed 7296K, reserved 1048576K
Event: 15.834 GC heap after
Heap after GC invocations=10 (full 2):
 PSYoungGen      total 148480K, used 15843K [0x00000000e0000000, 0x00000000eb600000, 0x0000000100000000)
  eden space 132608K, 0% used [0x00000000e0000000,0x00000000e0000000,0x00000000e8180000)
  from space 15872K, 99% used [0x00000000e9600000,0x00000000ea578c80,0x00000000ea580000)
  to   space 20992K, 0% used [0x00000000e8180000,0x00000000e8180000,0x00000000e9600000)
 ParOldGen       total 217600K, used 25389K [0x00000000a0000000, 0x00000000ad480000, 0x00000000e0000000)
  object space 217600K, 11% used [0x00000000a0000000,0x00000000a18cb7c8,0x00000000ad480000)
 Metaspace       used 49951K, capacity 51588K, committed 51840K, reserved 1093632K
  class space    used 6869K, capacity 7239K, committed 7296K, reserved 1048576K
}

Deoptimization events (10 events):
Event: 15.009 Thread 0x0000000019226800 Uncommon trap: reason=class_check action=maybe_recompile pc=0x0000000003877a00 method=org.gradle.model.internal.type.ModelType.wrap(Ljava/lang/reflect/Type;)Lorg/gradle/model/internal/type/TypeWrapper; @ 83
Event: 15.097 Thread 0x0000000019226800 Uncommon trap: reason=unstable_if action=reinterpret pc=0x0000000002cef700 method=java.lang.reflect.AccessibleObject.setAccessible0(Ljava/lang/reflect/AccessibleObject;Z)V @ 23
Event: 15.105 Thread 0x0000000019226800 Uncommon trap: reason=unstable_if action=reinterpret pc=0x0000000003b87074 method=groovy.lang.MetaClassImpl.filterPropertyMethod(Ljava/lang/Object;ZZ)Ljava/lang/Object; @ 187
Event: 15.217 Thread 0x0000000019226800 Uncommon trap: reason=unstable_if action=reinterpret pc=0x0000000003192cf4 method=java.lang.String.lastIndexOf([CII[CIII)I @ 118
Event: 15.312 Thread 0x0000000019226800 Uncommon trap: reason=class_check action=maybe_recompile pc=0x000000000398c168 method=java.util.regex.Pattern$BnM.match(Ljava/util/regex/Matcher;ILjava/lang/CharSequence;)Z @ 111
Event: 15.464 Thread 0x0000000019226800 Uncommon trap: reason=unstable_if action=reinterpret pc=0x000000000382fe18 method=java.lang.AbstractStringBuilder.append(I)Ljava/lang/AbstractStringBuilder; @ 16
Event: 15.994 Thread 0x0000000019226800 Uncommon trap: reason=class_check action=maybe_recompile pc=0x000000000365e9c0 method=java.lang.Throwable.<init>(Ljava/lang/String;Ljava/lang/Throwable;)V @ 24
Event: 15.994 Thread 0x0000000019226800 Uncommon trap: reason=class_check action=maybe_recompile pc=0x000000000365e9c0 method=java.lang.Throwable.<init>(Ljava/lang/String;Ljava/lang/Throwable;)V @ 24
Event: 15.994 Thread 0x0000000019226800 Uncommon trap: reason=class_check action=maybe_recompile pc=0x000000000365e9c0 method=java.lang.Throwable.<init>(Ljava/lang/String;Ljava/lang/Throwable;)V @ 24
Event: 16.039 Thread 0x0000000019226800 Uncommon trap: reason=class_check action=maybe_recompile pc=0x000000000365e9c0 method=java.lang.Throwable.<init>(Ljava/lang/String;Ljava/lang/Throwable;)V @ 24

Internal exceptions (10 events):
Event: 16.575 Thread 0x0000000019226800 Exception <a 'java/lang/ClassNotFoundException': org/jetbrains/plugins/gradle/model/DefaultExternalPluginBeanInfo> (0x00000000e3bf80b0) thrown at [C:\src\android\AOSP-openjdk\external\jetbrains\jdk\hotspot\src\share\vm\classfile\systemDictionary.cpp, line ¨ZkIì0@
Event: 16.575 Thread 0x0000000019226800 Exception <a 'java/lang/ClassNotFoundException': org/jetbrains/plugins/gradle/model/DefaultExternalPluginCustomizer> (0x00000000e3c058e0) thrown at [C:\src\android\AOSP-openjdk\external\jetbrains\jdk\hotspot\src\share\vm\classfile\systemDictionary.cpp, linKÊ2Ãúî0@
Event: 16.581 Thread 0x0000000019226800 Exception <a 'java/lang/ClassNotFoundException': org/gradle/api/internal/artifacts/DefaultPublishArtifactSetBeanInfo> (0x00000000e3c48cf8) thrown at [C:\src\android\AOSP-openjdk\external\jetbrains\jdk\hotspot\src\share\vm\classfile\systemDictionary.cpp, li
Event: 16.581 Thread 0x0000000019226800 Exception <a 'java/lang/ClassNotFoundException': org/gradle/api/internal/artifacts/DefaultPublishArtifactSetCustomizer> (0x00000000e3c5d5e8) thrown at [C:\src\android\AOSP-openjdk\external\jetbrains\jdk\hotspot\src\share\vm\classfile\systemDictionary.cpp, .”“ƒQï0@
Event: 16.583 Thread 0x0000000019226800 Exception <a 'java/lang/ClassNotFoundException': org/gradle/api/internal/file/DefaultFileCollectionFactory$1BeanInfo> (0x00000000e3c96480) thrown at [C:\src\android\AOSP-openjdk\external\jetbrains\jdk\hotspot\src\share\vm\classfile\systemDictionary.cpp, lir·ˆ≥vï0@
Event: 16.584 Thread 0x0000000019226800 Exception <a 'java/lang/ClassNotFoundException': org/gradle/api/internal/file/collections/FileCollectionAdapterBeanInfo> (0x00000000e3caadf0) thrown at [C:\src\android\AOSP-openjdk\external\jetbrains\jdk\hotspot\src\share\vm\classfile\systemDictionary.cpp,Îçúï0@
Event: 16.584 Thread 0x0000000019226800 Exception <a 'java/lang/ClassNotFoundException': org/gradle/api/internal/file/collections/FileCollectionAdapterCustomizer> (0x00000000e3cbff18) thrown at [C:\src\android\AOSP-openjdk\external\jetbrains\jdk\hotspot\src\share\vm\classfile\systemDictionary.cpG$ˆR€ï0@
Event: 16.585 Thread 0x0000000019226800 Exception <a 'java/lang/ClassNotFoundException': org/gradle/api/internal/file/DefaultFileCollectionFactory$1Customizer> (0x00000000e3cdd880) thrown at [C:\src\android\AOSP-openjdk\external\jetbrains\jdk\hotspot\src\share\vm\classfile\systemDictionary.cpp, úµ¸yö0@
Event: 16.603 Thread 0x0000000019226800 Exception <a 'java/lang/ClassNotFoundException': java/util/CollectionsBeanInfo> (0x00000000e3dad8f0) thrown at [C:\src\android\AOSP-openjdk\external\jetbrains\jdk\hotspot\src\share\vm\classfile\systemDictionary.cpp, line 210]
Event: 16.604 Thread 0x0000000019226800 Exception <a 'java/lang/ClassNotFoundException': java/util/CollectionsCustomizer> (0x00000000e3db44d8) thrown at [C:\src\android\AOSP-openjdk\external\jetbrains\jdk\hotspot\src\share\vm\classfile\systemDictionary.cpp, line 210]

Events (10 events):
Event: 16.674 loading class com/android/build/gradle/internal/ide/OutputFileImpl
Event: 16.674 loading class com/android/build/gradle/internal/ide/OutputFileImpl done
Event: 16.675 loading class com/android/build/gradle/internal/ide/AndroidArtifactOutputImpl
Event: 16.675 loading class com/android/build/gradle/internal/ide/AndroidArtifactOutputImpl done
Event: 16.675 loading class com/android/builder/model/AndroidArtifactOutput
Event: 16.675 loading class com/android/builder/model/AndroidArtifactOutput done
Event: 16.676 loading class com/android/build/gradle/internal/ide/InstantRunImpl
Event: 16.676 loading class com/android/build/gradle/internal/ide/InstantRunImpl done
Event: 16.677 loading class com/android/build/gradle/internal/incremental/BuildInfoWriterTask$ConfigAction
Event: 16.677 loading class com/android/build/gradle/internal/incremental/BuildInfoWriterTask$ConfigAction done


Dynamic libraries:
0x00007ff756870000 - 0x00007ff7568a1000 	C:\Program Files\Android\Android Studio\jre\bin\java.exe
0x00007ffa59150000 - 0x00007ffa5932b000 	C:\WINDOWS\SYSTEM32\ntdll.dll
0x00007ffa57480000 - 0x00007ffa5752e000 	C:\WINDOWS\System32\KERNEL32.DLL
0x00007ffa55670000 - 0x00007ffa558b9000 	C:\WINDOWS\System32\KERNELBASE.dll
0x00007ffa566d0000 - 0x00007ffa56771000 	C:\WINDOWS\System32\ADVAPI32.dll
0x00007ffa56a60000 - 0x00007ffa56afd000 	C:\WINDOWS\System32\msvcrt.dll
0x00007ffa568b0000 - 0x00007ffa56909000 	C:\WINDOWS\System32\sechost.dll
0x00007ffa59020000 - 0x00007ffa59145000 	C:\WINDOWS\System32\RPCRT4.dll
0x00007ffa56910000 - 0x00007ffa56a5a000 	C:\WINDOWS\System32\USER32.dll
0x00007ffa563c0000 - 0x00007ffa563de000 	C:\WINDOWS\System32\win32u.dll
0x00007ffa56c40000 - 0x00007ffa56c67000 	C:\WINDOWS\System32\GDI32.dll
0x00007ffa560e0000 - 0x00007ffa56268000 	C:\WINDOWS\System32\gdi32full.dll
0x00007ffa563e0000 - 0x00007ffa5647a000 	C:\WINDOWS\System32\msvcp_win.dll
0x00007ffa562c0000 - 0x00007ffa563b6000 	C:\WINDOWS\System32\ucrtbase.dll
0x00007ffa49700000 - 0x00007ffa49967000 	C:\WINDOWS\WinSxS\amd64_microsoft.windows.common-controls_6595b64144ccf1df_6.0.15063.483_none_26002d27e7c744a2\COMCTL32.dll
0x00007ffa58b20000 - 0x00007ffa58e19000 	C:\WINDOWS\System32\combase.dll
0x00007ffa56070000 - 0x00007ffa560da000 	C:\WINDOWS\System32\bcryptPrimitives.dll
0x00007ffa56b00000 - 0x00007ffa56b2d000 	C:\WINDOWS\System32\IMM32.DLL
0x000000005b400000 - 0x000000005b4d2000 	C:\Program Files\Android\Android Studio\jre\jre\bin\msvcr100.dll
0x000000005b4e0000 - 0x000000005bd1c000 	C:\Program Files\Android\Android Studio\jre\jre\bin\server\jvm.dll
0x00007ffa58970000 - 0x00007ffa58978000 	C:\WINDOWS\System32\PSAPI.DLL
0x00007ffa4e000000 - 0x00007ffa4e00a000 	C:\WINDOWS\SYSTEM32\VERSION.dll
0x00007ffa4dfd0000 - 0x00007ffa4dff3000 	C:\WINDOWS\SYSTEM32\WINMM.dll
0x00007ffa525b0000 - 0x00007ffa525b9000 	C:\WINDOWS\SYSTEM32\WSOCK32.dll
0x00007ffa56840000 - 0x00007ffa568ac000 	C:\WINDOWS\System32\WS2_32.dll
0x00007ffa4dfa0000 - 0x00007ffa4dfcb000 	C:\WINDOWS\SYSTEM32\winmmbase.dll
0x00007ffa56270000 - 0x00007ffa562b9000 	C:\WINDOWS\System32\cfgmgr32.dll
0x00007ffa523b0000 - 0x00007ffa523bf000 	C:\Program Files\Android\Android Studio\jre\jre\bin\verify.dll
0x00007ffa500c0000 - 0x00007ffa500e9000 	C:\Program Files\Android\Android Studio\jre\jre\bin\java.dll
0x00007ffa4f030000 - 0x00007ffa4f046000 	C:\Program Files\Android\Android Studio\jre\jre\bin\zip.dll
0x00007ffa57530000 - 0x00007ffa58966000 	C:\WINDOWS\System32\SHELL32.dll
0x00007ffa58e20000 - 0x00007ffa58eca000 	C:\WINDOWS\System32\shcore.dll
0x00007ffa55970000 - 0x00007ffa56063000 	C:\WINDOWS\System32\windows.storage.dll
0x00007ffa56b30000 - 0x00007ffa56b81000 	C:\WINDOWS\System32\shlwapi.dll
0x00007ffa55610000 - 0x00007ffa55621000 	C:\WINDOWS\System32\kernel.appcore.dll
0x00007ffa555c0000 - 0x00007ffa5560c000 	C:\WINDOWS\System32\powrprof.dll
0x00007ffa55650000 - 0x00007ffa55665000 	C:\WINDOWS\System32\profapi.dll
0x00007ffa4ef90000 - 0x00007ffa4efaa000 	C:\Program Files\Android\Android Studio\jre\jre\bin\net.dll
0x00007ffa54e70000 - 0x00007ffa54ecc000 	C:\WINDOWS\system32\mswsock.dll
0x00007ffa4ef20000 - 0x00007ffa4ef31000 	C:\Program Files\Android\Android Studio\jre\jre\bin\nio.dll
0x00007ffa49c80000 - 0x00007ffa49c9e000 	C:\Users\dwarf\.gradle\native\23\windows-amd64\native-platform.dll
0x00007ffa55010000 - 0x00007ffa55027000 	C:\WINDOWS\SYSTEM32\CRYPTSP.dll
0x00007ffa54a90000 - 0x00007ffa54ac4000 	C:\WINDOWS\system32\rsaenh.dll
0x00007ffa55490000 - 0x00007ffa554b5000 	C:\WINDOWS\SYSTEM32\bcrypt.dll
0x00007ffa554f0000 - 0x00007ffa55519000 	C:\WINDOWS\SYSTEM32\USERENV.dll
0x00007ffa55030000 - 0x00007ffa5503b000 	C:\WINDOWS\SYSTEM32\CRYPTBASE.dll
0x00007ffa54c10000 - 0x00007ffa54c47000 	C:\WINDOWS\SYSTEM32\IPHLPAPI.DLL
0x00007ffa56b90000 - 0x00007ffa56b98000 	C:\WINDOWS\System32\NSI.dll
0x00007ffa51f00000 - 0x00007ffa51f16000 	C:\WINDOWS\SYSTEM32\dhcpcsvc6.DLL
0x00007ffa51ed0000 - 0x00007ffa51eea000 	C:\WINDOWS\SYSTEM32\dhcpcsvc.DLL
0x00007ffa51d20000 - 0x00007ffa51d2d000 	C:\Program Files\Android\Android Studio\jre\jre\bin\management.dll

VM Arguments:
jvm_args: -Xmx1536m -Dfile.encoding=windows-1252 -Duser.country=US -Duser.language=en -Duser.variant 
java_command: org.gradle.launcher.daemon.bootstrap.GradleDaemon 3.3
java_class_path (initial): C:\Users\dwarf\.gradle\wrapper\dists\gradle-3.3-all\55gk2rcmfc6p2dg9u9ohc3hw9\gradle-3.3\lib\gradle-launcher-3.3.jar
Launcher Type: SUN_STANDARD

Environment Variables:
PATH=C:\ProgramData\Oracle\Java\javapath;C:\Program Files\Docker\Docker\Resources\bin;C:\WINDOWS\system32;C:\WINDOWS;C:\WINDOWS\System32\Wbem;C:\WINDOWS\System32\WindowsPowerShell\v1.0\;C:\Program Files\Git\cmd;C:\Program Files\Git\mingw64\bin;C:\Program Files\Git\usr\bin;C:\Program Files (x86)\Skype\Phone\;C:\Program Files\nodejs\;C:\Program Files (x86)\Java\jre1.8.0_144\bin;C:\Users\dwarf\AppData\Local\Android\sdk\platform-tools;C:\Users\dwarf\AppData\Local\Microsoft\WindowsApps;C:\Users\dwarf\AppData\Roaming\npm
USERNAME=dwarf
OS=Windows_NT
PROCESSOR_IDENTIFIER=Intel64 Family 6 Model 61 Stepping 4, GenuineIntel



---------------  S Y S T E M  ---------------

OS: Windows 10.0 , 64 bit Build 15063 (10.0.15063.296)

CPU:total 4 (2 cores per cpu, 2 threads per core) family 6 model 61 stepping 4, cmov, cx8, fxsr, mmx, sse, sse2, sse3, ssse3, sse4.1, sse4.2, popcnt, avx, avx2, aes, clmul, erms, 3dnowpref, lzcnt, ht, tsc, tscinvbit, bmi1, bmi2, adx

Memory: 4k page, physical 16689624k(9135604k free), swap 20785624k(6480k free)

vm_info: OpenJDK 64-Bit Server VM (25.112-b06) for windows-amd64 JRE (1.8.0_112-release-b06), built on Dec  8 2016 00:54:26 by "builder" with MS VC++ 10.0 (VS2010)

time: Sun Sep 17 14:21:03 2017
elapsed time: 16 seconds (0d 0h 0m 16s)

